<?xml version="1.0" encoding="UTF-8"?>
<testsuite xmlns:xsi="http://www.w3.org/2001/XMLSchema-instance" xsi:noNamespaceSchemaLocation="https://maven.apache.org/surefire/maven-surefire-plugin/xsd/surefire-test-report-3.0.xsd" version="3.0" name="org.bugrahan.todoapp.repository.TodoRepositoryFindAllTest" time="3.259" tests="1" errors="0" skipped="0" failures="0">
  <properties>
[...]
</properties>
  <testcase name="test" classname="org.bugrahan.todoapp.repository.TodoRepositoryFindAllTest" time="0.781">
    <system-out><![CDATA[14:52:58.898 [main] INFO org.springframework.test.context.support.AnnotationConfigContextLoaderUtils -- Could not detect default configuration classes for test class [org.bugrahan.todoapp.repository.TodoRepositoryFindAllTest]: TodoRepositoryFindAllTest does not declare any static, non-private, non-final, nested classes annotated with @Configuration.
14:52:59.012 [main] INFO org.springframework.boot.test.context.SpringBootTestContextBootstrapper -- Found @SpringBootConfiguration org.bugrahan.todoapp.repository.TodoRepositoryFindAllTest for test class org.bugrahan.todoapp.repository.TodoRepositoryFindAllTest

  .   ____          _            __ _ _
 /\\ / ___'_ __ _ _(_)_ __  __ _ \ \ \ \
( ( )\___ | '_ | '_| | '_ \/ _` | \ \ \ \
 \\/  ___)| |_)| | | | | || (_| |  ) ) ) )
  '  |____| .__|_| |_|_| |_\__, | / / / /
 =========|_|==============|___/=/_/_/_/

 :: Spring Boot ::                (v3.3.1)

2024-08-04T14:52:59.563+03:00  INFO 14468 --- [           main] o.b.t.r.TodoRepositoryFindAllTest        : Starting TodoRepositoryFindAllTest using Java 21.0.1 with PID 14468 (started by Bugrahan in C:\Users\Bugrahan\Desktop\Java-Spring-React-TODO-App\todoapp\TodoAppRepositoryLib)
2024-08-04T14:52:59.563+03:00  INFO 14468 --- [           main] o.b.t.r.TodoRepositoryFindAllTest        : No active profile set, falling back to 1 default profile: "default"
2024-08-04T14:52:59.967+03:00  INFO 14468 --- [           main] .s.d.r.c.RepositoryConfigurationDelegate : Bootstrapping Spring Data JDBC repositories in DEFAULT mode.
2024-08-04T14:52:59.987+03:00  INFO 14468 --- [           main] .s.d.r.c.RepositoryConfigurationDelegate : Finished Spring Data repository scanning in 15 ms. Found 0 JDBC repository interfaces.
2024-08-04T14:53:00.270+03:00  INFO 14468 --- [           main] com.zaxxer.hikari.HikariDataSource       : HikariPool-1 - Starting...
2024-08-04T14:53:00.567+03:00  INFO 14468 --- [           main] com.zaxxer.hikari.pool.HikariPool        : HikariPool-1 - Added connection org.postgresql.jdbc.PgConnection@34780cd9
2024-08-04T14:53:00.570+03:00  INFO 14468 --- [           main] com.zaxxer.hikari.HikariDataSource       : HikariPool-1 - Start completed.
2024-08-04T14:53:00.984+03:00  INFO 14468 --- [           main] o.b.t.r.TodoRepositoryFindAllTest        : Started TodoRepositoryFindAllTest in 1.723 seconds (process running for 3.029)
2024-08-04T14:53:01.864+03:00  INFO 14468 --- [           main] o.b.todoapp.repository.TodoRepository    : TodoRepository.findAll
]]></system-out>
    <system-err><![CDATA[WARNING: A Java agent has been loaded dynamically (C:\Users\Bugrahan\.m2\repository\net\bytebuddy\byte-buddy-agent\1.14.17\byte-buddy-agent-1.14.17.jar)
WARNING: If a serviceability tool is in use, please run with -XX:+EnableDynamicAgentLoading to hide this warning
WARNING: If a serviceability tool is not in use, please run with -Djdk.instrument.traceUsage for more information
WARNING: Dynamic loading of agents will be disallowed by default in a future release
]]></system-err>
  </testcase>
</testsuite>