<?xml version="1.0" encoding="UTF-8"?>
<testsuite xmlns:xsi="http://www.w3.org/2001/XMLSchema-instance" xsi:noNamespaceSchemaLocation="https://maven.apache.org/surefire/maven-surefire-plugin/xsd/surefire-test-report-3.0.xsd" version="3.0" name="org.bugrahan.todoapp.TodoAppFindAllTodosTest" time="0.496" tests="1" errors="0" skipped="0" failures="0">
  <properties>
[...]
</properties>
  <testcase name="testFindAllCities" classname="org.bugrahan.todoapp.TodoAppFindAllTodosTest" time="0.015">
    <system-out><![CDATA[2024-08-04T14:57:28.083+03:00  INFO 6864 --- [           main] t.c.s.AnnotationConfigContextLoaderUtils : Could not detect default configuration classes for test class [org.bugrahan.todoapp.TodoAppFindAllTodosTest]: TodoAppFindAllTodosTest does not declare any static, non-private, non-final, nested classes annotated with @Configuration.
2024-08-04T14:57:28.085+03:00  INFO 6864 --- [           main] .b.t.c.SpringBootTestContextBootstrapper : Found @SpringBootConfiguration org.bugrahan.todoapp.TodoAppDataServiceDeleteByIdTest for test class org.bugrahan.todoapp.TodoAppFindAllTodosTest

  .   ____          _            __ _ _
 /\\ / ___'_ __ _ _(_)_ __  __ _ \ \ \ \
( ( )\___ | '_ | '_| | '_ \/ _` | \ \ \ \
 \\/  ___)| |_)| | | | | || (_| |  ) ) ) )
  '  |____| .__|_| |_|_| |_\__, | / / / /
 =========|_|==============|___/=/_/_/_/

 :: Spring Boot ::                (v3.3.1)

2024-08-04T14:57:28.132+03:00  INFO 6864 --- [           main] o.b.todoapp.TodoAppFindAllTodosTest      : Starting TodoAppFindAllTodosTest using Java 21.0.1 with PID 6864 (started by Bugrahan in C:\Users\Bugrahan\Desktop\Java-Spring-React-TODO-App\todoapp\TodoAppDataServiceLib)
2024-08-04T14:57:28.132+03:00  INFO 6864 --- [           main] o.b.todoapp.TodoAppFindAllTodosTest      : No active profile set, falling back to 1 default profile: "default"
2024-08-04T14:57:28.260+03:00  INFO 6864 --- [           main] .s.d.r.c.RepositoryConfigurationDelegate : Bootstrapping Spring Data JDBC repositories in DEFAULT mode.
2024-08-04T14:57:28.266+03:00  INFO 6864 --- [           main] .s.d.r.c.RepositoryConfigurationDelegate : Finished Spring Data repository scanning in 4 ms. Found 0 JDBC repository interfaces.
2024-08-04T14:57:28.374+03:00  INFO 6864 --- [           main] com.zaxxer.hikari.HikariDataSource       : HikariPool-2 - Starting...
2024-08-04T14:57:28.430+03:00  INFO 6864 --- [           main] com.zaxxer.hikari.pool.HikariPool        : HikariPool-2 - Added connection org.postgresql.jdbc.PgConnection@7eee6c13
2024-08-04T14:57:28.431+03:00  INFO 6864 --- [           main] com.zaxxer.hikari.HikariDataSource       : HikariPool-2 - Start completed.
2024-08-04T14:57:28.556+03:00  INFO 6864 --- [           main] o.b.todoapp.TodoAppFindAllTodosTest      : Started TodoAppFindAllTodosTest in 0.465 seconds (process running for 4.212)
2024-08-04T14:57:28.566+03:00  INFO 6864 --- [           main] o.bugrahan.todoapp.TodoAppDataService    : TodoAppDataService.findAllTodos:
2024-08-04T14:57:28.566+03:00  INFO 6864 --- [           main] org.bugrahan.todoapp.dal.TodoAppHelper   : TodoAppHelper.findAllTodos
2024-08-04T14:57:28.566+03:00  INFO 6864 --- [           main] o.b.todoapp.repository.TodoRepository    : TodoRepository.findAll
]]></system-out>
  </testcase>
</testsuite>