<?xml version="1.0" encoding="UTF-8"?>
<testsuite xmlns:xsi="http://www.w3.org/2001/XMLSchema-instance" xsi:noNamespaceSchemaLocation="https://maven.apache.org/surefire/maven-surefire-plugin/xsd/surefire-test-report-3.0.xsd" version="3.0" name="org.bugrahan.todoapp.TodoAppDataServiceDeleteByIdTest" time="2.839" tests="1" errors="0" skipped="0" failures="0">
  <properties>
[...]
</properties>
  <testcase name="testDeleteCityById" classname="org.bugrahan.todoapp.TodoAppDataServiceDeleteByIdTest" time="0.779">
    <system-out><![CDATA[21:55:39.312 [main] INFO org.springframework.test.context.support.AnnotationConfigContextLoaderUtils -- Could not detect default configuration classes for test class [org.bugrahan.todoapp.TodoAppDataServiceDeleteByIdTest]: TodoAppDataServiceDeleteByIdTest does not declare any static, non-private, non-final, nested classes annotated with @Configuration.
21:55:39.403 [main] INFO org.springframework.boot.test.context.SpringBootTestContextBootstrapper -- Found @SpringBootConfiguration org.bugrahan.todoapp.TodoAppDataServiceDeleteByIdTest for test class org.bugrahan.todoapp.TodoAppDataServiceDeleteByIdTest

  .   ____          _            __ _ _
 /\\ / ___'_ __ _ _(_)_ __  __ _ \ \ \ \
( ( )\___ | '_ | '_| | '_ \/ _` | \ \ \ \
 \\/  ___)| |_)| | | | | || (_| |  ) ) ) )
  '  |____| .__|_| |_|_| |_\__, | / / / /
 =========|_|==============|___/=/_/_/_/

 :: Spring Boot ::                (v3.3.1)

2024-08-04T21:55:39.825+03:00  INFO 25620 --- [           main] o.b.t.TodoAppDataServiceDeleteByIdTest   : Starting TodoAppDataServiceDeleteByIdTest using Java 21.0.1 with PID 25620 (started by Bugrahan in C:\Users\Bugrahan\Desktop\Java-Spring-React-TODO-App\todoapp\TodoAppDataServiceLib)
2024-08-04T21:55:39.826+03:00  INFO 25620 --- [           main] o.b.t.TodoAppDataServiceDeleteByIdTest   : No active profile set, falling back to 1 default profile: "default"
2024-08-04T21:55:40.224+03:00  INFO 25620 --- [           main] .s.d.r.c.RepositoryConfigurationDelegate : Bootstrapping Spring Data JDBC repositories in DEFAULT mode.
2024-08-04T21:55:40.245+03:00  INFO 25620 --- [           main] .s.d.r.c.RepositoryConfigurationDelegate : Finished Spring Data repository scanning in 16 ms. Found 0 JDBC repository interfaces.
2024-08-04T21:55:40.488+03:00  INFO 25620 --- [           main] com.zaxxer.hikari.HikariDataSource       : HikariPool-1 - Starting...
2024-08-04T21:55:40.733+03:00  INFO 25620 --- [           main] com.zaxxer.hikari.pool.HikariPool        : HikariPool-1 - Added connection org.postgresql.jdbc.PgConnection@75181b50
2024-08-04T21:55:40.735+03:00  INFO 25620 --- [           main] com.zaxxer.hikari.HikariDataSource       : HikariPool-1 - Start completed.
2024-08-04T21:55:41.188+03:00  INFO 25620 --- [           main] o.b.t.TodoAppDataServiceDeleteByIdTest   : Started TodoAppDataServiceDeleteByIdTest in 1.602 seconds (process running for 2.578)
2024-08-04T21:55:41.944+03:00  INFO 25620 --- [           main] o.bugrahan.todoapp.TodoAppDataService    : TodoAppDataService.deleteById: id -> 12, 
2024-08-04T21:55:41.944+03:00  INFO 25620 --- [           main] org.bugrahan.todoapp.dal.TodoAppHelper   : TodoAppHelper.deleteById: Id -> 12
2024-08-04T21:55:41.946+03:00  INFO 25620 --- [           main] o.b.todoapp.repository.TodoRepository    : TodoRepository.deleteById: -> todo_id:12
2024-08-04T21:55:41.962+03:00  INFO 25620 --- [           main] o.bugrahan.todoapp.TodoAppDataService    : TodoAppDataService.findTodoById: id -> 12
2024-08-04T21:55:41.962+03:00  INFO 25620 --- [           main] org.bugrahan.todoapp.dal.TodoAppHelper   : TodoAppHelper.findTodoById: Id -> 12
2024-08-04T21:55:41.962+03:00  INFO 25620 --- [           main] o.b.todoapp.repository.TodoRepository    : TodoRepository.findById: -> todo_id:12
]]></system-out>
    <system-err><![CDATA[WARNING: A Java agent has been loaded dynamically (C:\Users\Bugrahan\.m2\repository\net\bytebuddy\byte-buddy-agent\1.14.17\byte-buddy-agent-1.14.17.jar)
WARNING: If a serviceability tool is in use, please run with -XX:+EnableDynamicAgentLoading to hide this warning
WARNING: If a serviceability tool is not in use, please run with -Djdk.instrument.traceUsage for more information
WARNING: Dynamic loading of agents will be disallowed by default in a future release
]]></system-err>
  </testcase>
</testsuite>